[debug] [2023-11-27T16:34:05.212Z] ----------------------------------------------------------------------
[debug] [2023-11-27T16:34:05.215Z] Command:       /usr/local/Cellar/heroku-node/12.21.0/bin/node /usr/local/opt/heroku-node/bin/firebase init
[debug] [2023-11-27T16:34:05.215Z] CLI Version:   12.9.1
[debug] [2023-11-27T16:34:05.215Z] Platform:      darwin
[debug] [2023-11-27T16:34:05.216Z] Node Version:  v16.17.1
[debug] [2023-11-27T16:34:05.223Z] Time:          Mon Nov 27 2023 08:34:05 GMT-0800 (Pacific Standard Time)
[debug] [2023-11-27T16:34:05.224Z] ----------------------------------------------------------------------
[debug] 
[debug] [2023-11-27T16:34:05.230Z] > command requires scopes: ["email","openid","https://www.googleapis.com/auth/cloudplatformprojects.readonly","https://www.googleapis.com/auth/firebase","https://www.googleapis.com/auth/cloud-platform"]
[debug] [2023-11-27T16:34:05.231Z] > authorizing via signed-in user (kadeem@kaporcenter.org)
[info] 
     ######## #### ########  ######## ########     ###     ######  ########
     ##        ##  ##     ## ##       ##     ##  ##   ##  ##       ##
     ######    ##  ########  ######   ########  #########  ######  ######
     ##        ##  ##    ##  ##       ##     ## ##     ##       ## ##
     ##       #### ##     ## ######## ########  ##     ##  ######  ########

You're about to initialize a Firebase project in this directory:

  /Users/home/Documents/ReactProjects/badge-search-kapor/badge-search-kapordb

[info] 
=== Project Setup
[info] 
[info] First, let's associate this project directory with a Firebase project.
[info] You can create multiple project aliases by running firebase use --add, 
[info] but for now we'll just set up a default project.
[info] 
[debug] [2023-11-27T16:34:21.013Z] >>> [apiv2][query] GET https://firebase.googleapis.com/v1beta1/projects pageSize=100
[debug] [2023-11-27T16:34:21.713Z] <<< [apiv2][status] GET https://firebase.googleapis.com/v1beta1/projects 200
[debug] [2023-11-27T16:34:21.713Z] <<< [apiv2][body] GET https://firebase.googleapis.com/v1beta1/projects [omitted]
[info] i  Using project deib-for-startups (Deib for Startups) 
[info] 
=== Firestore Setup
[debug] [2023-11-27T16:34:22.756Z] >>> [apiv2][query] GET https://serviceusage.googleapis.com/v1/projects/deib-for-startups/services/firestore.googleapis.com [none]
[debug] [2023-11-27T16:34:22.756Z] >>> [apiv2][(partial)header] GET https://serviceusage.googleapis.com/v1/projects/deib-for-startups/services/firestore.googleapis.com x-goog-quota-user=projects/deib-for-startups
[debug] [2023-11-27T16:34:23.337Z] <<< [apiv2][status] GET https://serviceusage.googleapis.com/v1/projects/deib-for-startups/services/firestore.googleapis.com 200
[debug] [2023-11-27T16:34:23.337Z] <<< [apiv2][body] GET https://serviceusage.googleapis.com/v1/projects/deib-for-startups/services/firestore.googleapis.com [omitted]
[debug] [2023-11-27T16:34:23.337Z] >>> [apiv2][query] GET https://firestore.googleapis.com/v1/projects/deib-for-startups/databases/(default) [none]
[debug] [2023-11-27T16:34:23.700Z] <<< [apiv2][status] GET https://firestore.googleapis.com/v1/projects/deib-for-startups/databases/(default) 200
[debug] [2023-11-27T16:34:23.700Z] <<< [apiv2][body] GET https://firestore.googleapis.com/v1/projects/deib-for-startups/databases/(default) {"name":"projects/deib-for-startups/databases/(default)","uid":"e3058e4f-33f2-4bed-84a1-3752cffd8728","createTime":"2023-11-27T16:32:47.220051Z","updateTime":"2023-11-27T16:32:47.220051Z","locationId":"nam5","type":"FIRESTORE_NATIVE","concurrencyMode":"PESSIMISTIC","versionRetentionPeriod":"3600s","earliestVersionTime":"2023-11-27T16:32:47.220051Z","appEngineIntegrationMode":"DISABLED","keyPrefix":"s","pointInTimeRecoveryEnablement":"POINT_IN_TIME_RECOVERY_DISABLED","deleteProtectionState":"DELETE_PROTECTION_DISABLED","etag":"IJS6qP/N5IIDMNPKqtHN5IID"}
[debug] [2023-11-27T16:34:23.700Z] database_type: FIRESTORE_NATIVE
[debug] [2023-11-27T16:34:23.700Z] > command requires scopes: ["email","openid","https://www.googleapis.com/auth/cloudplatformprojects.readonly","https://www.googleapis.com/auth/firebase","https://www.googleapis.com/auth/cloud-platform"]
[debug] [2023-11-27T16:34:23.701Z] > authorizing via signed-in user (kadeem@kaporcenter.org)
[debug] [2023-11-27T16:34:23.701Z] [iam] checking project deib-for-startups for permissions ["firebase.projects.get"]
[debug] [2023-11-27T16:34:23.701Z] >>> [apiv2][query] POST https://cloudresourcemanager.googleapis.com/v1/projects/deib-for-startups:testIamPermissions [none]
[debug] [2023-11-27T16:34:23.701Z] >>> [apiv2][(partial)header] POST https://cloudresourcemanager.googleapis.com/v1/projects/deib-for-startups:testIamPermissions x-goog-quota-user=projects/deib-for-startups
[debug] [2023-11-27T16:34:23.701Z] >>> [apiv2][body] POST https://cloudresourcemanager.googleapis.com/v1/projects/deib-for-startups:testIamPermissions {"permissions":["firebase.projects.get"]}
[debug] [2023-11-27T16:34:23.980Z] <<< [apiv2][status] POST https://cloudresourcemanager.googleapis.com/v1/projects/deib-for-startups:testIamPermissions 200
[debug] [2023-11-27T16:34:23.980Z] <<< [apiv2][body] POST https://cloudresourcemanager.googleapis.com/v1/projects/deib-for-startups:testIamPermissions {"permissions":["firebase.projects.get"]}
[info] 
[info] Firestore Security Rules allow you to define how and when to allow
[info] requests. You can keep these rules in your project directory
[info] and publish them with firebase deploy.
[info] 
[debug] [2023-11-27T16:34:25.120Z] >>> [apiv2][query] GET https://firebaserules.googleapis.com/v1/projects/deib-for-startups/releases pageSize=10&pageToken=
[debug] [2023-11-27T16:34:25.511Z] <<< [apiv2][status] GET https://firebaserules.googleapis.com/v1/projects/deib-for-startups/releases 200
[debug] [2023-11-27T16:34:25.511Z] <<< [apiv2][body] GET https://firebaserules.googleapis.com/v1/projects/deib-for-startups/releases {"releases":[{"name":"projects/deib-for-startups/releases/cloud.firestore","rulesetName":"projects/deib-for-startups/rulesets/79759f21-47d7-465d-aff9-d33d6a43c48e","createTime":"2023-11-27T16:32:50.273557Z","updateTime":"2023-11-27T16:32:50.273557Z"},{"name":"projects/deib-for-startups/releases/firebase.storage/deib-for-startups.appspot.com","rulesetName":"projects/deib-for-startups/rulesets/896c1aaa-fb97-4b19-87ac-e2a699501aa1","createTime":"2023-11-27T16:33:32.727478Z","updateTime":"2023-11-27T16:33:32.727478Z"}]}
[debug] [2023-11-27T16:34:25.511Z] Found ruleset: projects/deib-for-startups/rulesets/79759f21-47d7-465d-aff9-d33d6a43c48e
[debug] [2023-11-27T16:34:25.512Z] >>> [apiv2][query] GET https://firebaserules.googleapis.com/v1/projects/deib-for-startups/rulesets/79759f21-47d7-465d-aff9-d33d6a43c48e [none]
[debug] [2023-11-27T16:34:25.895Z] <<< [apiv2][status] GET https://firebaserules.googleapis.com/v1/projects/deib-for-startups/rulesets/79759f21-47d7-465d-aff9-d33d6a43c48e 200
[debug] [2023-11-27T16:34:25.895Z] <<< [apiv2][body] GET https://firebaserules.googleapis.com/v1/projects/deib-for-startups/rulesets/79759f21-47d7-465d-aff9-d33d6a43c48e [omitted]
[info] 
[info] Firestore indexes allow you to perform complex queries while
[info] maintaining performance that scales with the size of the result
[info] set. You can keep index definitions in your project directory
[info] and publish them with firebase deploy.
[info] 
[debug] [2023-11-27T16:34:28.183Z] >>> [apiv2][query] GET https://firestore.googleapis.com/v1/projects/deib-for-startups/databases/(default)/collectionGroups/-/indexes [none]
[debug] [2023-11-27T16:34:28.184Z] >>> [apiv2][query] GET https://firestore.googleapis.com/v1/projects/deib-for-startups/databases/(default)/collectionGroups/-/fields?filter=indexConfig.usesAncestorConfig=false OR ttlConfig:* [none]
[debug] [2023-11-27T16:34:28.944Z] <<< [apiv2][status] GET https://firestore.googleapis.com/v1/projects/deib-for-startups/databases/(default)/collectionGroups/-/indexes 200
[debug] [2023-11-27T16:34:28.944Z] <<< [apiv2][body] GET https://firestore.googleapis.com/v1/projects/deib-for-startups/databases/(default)/collectionGroups/-/indexes {}
[debug] [2023-11-27T16:34:29.301Z] <<< [apiv2][status] GET https://firestore.googleapis.com/v1/projects/deib-for-startups/databases/(default)/collectionGroups/-/fields?filter=indexConfig.usesAncestorConfig=false OR ttlConfig:* 200
[debug] [2023-11-27T16:34:29.301Z] <<< [apiv2][body] GET https://firestore.googleapis.com/v1/projects/deib-for-startups/databases/(default)/collectionGroups/-/fields?filter=indexConfig.usesAncestorConfig=false OR ttlConfig:* {"fields":[{"name":"projects/deib-for-startups/databases/(default)/collectionGroups/__default__/fields/*","indexConfig":{"indexes":[{"queryScope":"COLLECTION","fields":[{"fieldPath":"*","order":"ASCENDING"}],"state":"READY"},{"queryScope":"COLLECTION","fields":[{"fieldPath":"*","order":"DESCENDING"}],"state":"READY"},{"queryScope":"COLLECTION","fields":[{"fieldPath":"*","arrayConfig":"CONTAINS"}],"state":"READY"}]}}]}
[info] 
=== Hosting Setup
[debug] [2023-11-27T16:34:29.304Z] >>> [apiv2][query] GET https://firebase.googleapis.com/v1beta1/projects/deib-for-startups [none]
[debug] [2023-11-27T16:34:29.998Z] <<< [apiv2][status] GET https://firebase.googleapis.com/v1beta1/projects/deib-for-startups 200
[debug] [2023-11-27T16:34:29.998Z] <<< [apiv2][body] GET https://firebase.googleapis.com/v1beta1/projects/deib-for-startups {"projectId":"deib-for-startups","projectNumber":"210485409133","displayName":"Deib for Startups","name":"projects/deib-for-startups","resources":{"hostingSite":"deib-for-startups","realtimeDatabaseInstance":"deib-for-startups-default-rtdb","storageBucket":"deib-for-startups.appspot.com","locationId":"us-central"},"state":"ACTIVE","etag":"1_2eaaecc5-d901-4f1a-925a-6f582f941df5"}
[info] 
[info] Your public directory is the folder (relative to your project directory) that
[info] will contain Hosting assets to be uploaded with firebase deploy. If you
[info] have a build process for your assets, use your build's output directory.
[info] 
[debug] [2023-11-27T16:34:41.320Z] >>> [apiv2][query] GET https://www.gstatic.com/firebasejs/releases.json [none]
[debug] [2023-11-27T16:34:41.679Z] <<< [apiv2][status] GET https://www.gstatic.com/firebasejs/releases.json 200
[debug] [2023-11-27T16:34:41.679Z] <<< [apiv2][body] GET https://www.gstatic.com/firebasejs/releases.json {"current":{"version":"10.6.0","browserURL":"https://www.gstatic.com/firebasejs/10.6.0/firebase.js","packageURL":"https://www.gstatic.com/firebasejs/10.6.0/firebase.tgz"},"live":{"version":"10.6","browserURL":"https://www.gstatic.com/firebasejs/live/10.6/firebase.js","packageURL":"https://www.gstatic.com/firebasejs/live/10.6/firebase.tgz"},"components":{"analytics":"https://www.gstatic.com/firebasejs/10.6.0/firebase-analytics.js","app":"https://www.gstatic.com/firebasejs/10.6.0/firebase-app.js","app-check":"https://www.gstatic.com/firebasejs/10.6.0/firebase-app-check.js","auth":"https://www.gstatic.com/firebasejs/10.6.0/firebase-auth.js","auth/cordova":"https://www.gstatic.com/firebasejs/10.6.0/firebase-auth/cordova.js","functions":"https://www.gstatic.com/firebasejs/10.6.0/firebase-functions.js","firestore":"https://www.gstatic.com/firebasejs/10.6.0/firebase-firestore.js","firestore/lite":"https://www.gstatic.com/firebasejs/10.6.0/firebase-firestore/lite.js","installations":"https://www.gstatic.com/firebasejs/10.6.0/firebase-installations.js","storage":"https://www.gstatic.com/firebasejs/10.6.0/firebase-storage.js","performance":"https://www.gstatic.com/firebasejs/10.6.0/firebase-performance.js","remote-config":"https://www.gstatic.com/firebasejs/10.6.0/firebase-remote-config.js","messaging":"https://www.gstatic.com/firebasejs/10.6.0/firebase-messaging.js","messaging/sw":"https://www.gstatic.com/firebasejs/10.6.0/firebase-messaging/sw.js","database":"https://www.gstatic.com/firebasejs/10.6.0/firebase-database.js","firestore.memory":"https://www.gstatic.com/firebasejs/10.6.0/firebase-firestore.memory.js"}}
[info] ✔  Wrote public/index.html 
[info] 
[info] i  Detected a .git folder at /Users/home/Documents/ReactProjects/badge-search-kapor/badge-search-kapordb 
[info] i  Authorizing with GitHub to upload your service account to a GitHub repository's secrets store. 
[info] 
[info] Visit this URL on this device to log in:
[info] https://github.com/login/oauth/authorize?client_id=89cf50f02ac6aaed3484&state=817143027&redirect_uri=http%3A%2F%2Flocalhost%3A9005&scope=read%3Auser%20repo%20public_repo
[info] 
[info] Waiting for authentication...
[debug] [2023-11-27T16:36:30.614Z] >>> [apiv2][query] POST https://github.com/login/oauth/access_token [none]
[debug] [2023-11-27T16:36:30.615Z] >>> [apiv2][body] POST https://github.com/login/oauth/access_token [stream]
[debug] [2023-11-27T16:36:31.104Z] <<< [apiv2][status] POST https://github.com/login/oauth/access_token 200
[debug] [2023-11-27T16:36:31.104Z] <<< [apiv2][body] POST https://github.com/login/oauth/access_token {"access_token":"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","token_type":"bearer","scope":"read:user,repo"}
[debug] [2023-11-27T16:36:31.110Z] >>> [apiv2][query] GET https://api.github.com/user [none]
[debug] [2023-11-27T16:36:31.456Z] <<< [apiv2][status] GET https://api.github.com/user 200
[debug] [2023-11-27T16:36:31.456Z] <<< [apiv2][body] GET https://api.github.com/user {"login":"kadeemp","id":15274928,"node_id":"MDQ6VXNlcjE1Mjc0OTI4","avatar_url":"https://avatars.githubusercontent.com/u/15274928?v=4","gravatar_id":"","url":"https://api.github.com/users/kadeemp","html_url":"https://github.com/kadeemp","followers_url":"https://api.github.com/users/kadeemp/followers","following_url":"https://api.github.com/users/kadeemp/following{/other_user}","gists_url":"https://api.github.com/users/kadeemp/gists{/gist_id}","starred_url":"https://api.github.com/users/kadeemp/starred{/owner}{/repo}","subscriptions_url":"https://api.github.com/users/kadeemp/subscriptions","organizations_url":"https://api.github.com/users/kadeemp/orgs","repos_url":"https://api.github.com/users/kadeemp/repos","events_url":"https://api.github.com/users/kadeemp/events{/privacy}","received_events_url":"https://api.github.com/users/kadeemp/received_events","type":"User","site_admin":false,"name":"Kadeem Palacios","company":"@MakeSchool-18 ","blog":"","location":"San Fransisco","email":"kadeempalacios@gmail.com","hireable":true,"bio":"Software Developer with a focus on iOS development. Currently exploring full-stack web development ","twitter_username":null,"public_repos":46,"public_gists":0,"followers":25,"following":18,"created_at":"2015-10-24T06:58:44Z","updated_at":"2023-08-11T00:31:18Z","private_gists":1,"total_private_repos":23,"owned_private_repos":21,"disk_usage":828308,"collaborators":2,"two_factor_authentication":true,"plan":{"name":"free","space":976562499,"collaborators":0,"private_repos":10000}}
[info] 
[info] ✔  Success! Logged into GitHub as kadeemp 
[info] 
